{
  "RSpec": {
    "coverage": {
      "/Users/hildenton/Desktop/dinner_dash/spec/features/admin_categories_view_spec.rb": [
        1,
        null,
        1,
        1,
        null,
        7,
        null,
        null,
        7,
        7,
        7,
        null,
        7,
        7,
        7,
        null,
        null,
        1,
        1,
        1,
        1,
        3,
        3,
        null,
        null,
        null,
        1,
        1,
        1,
        1,
        null,
        null,
        1,
        1,
        1,
        null,
        null,
        1,
        1,
        1,
        1,
        null,
        1,
        1,
        null,
        null,
        1,
        1,
        1,
        null,
        1,
        3,
        null,
        null,
        null,
        1,
        1,
        1,
        null,
        1,
        1,
        null,
        1,
        1,
        null,
        null,
        null,
        1,
        1,
        null,
        null,
        1,
        1,
        1,
        null,
        1,
        3,
        null,
        null,
        null,
        1,
        1,
        1,
        null,
        1,
        1,
        null,
        1,
        1,
        null,
        1,
        1,
        null,
        1,
        1,
        1,
        null,
        null
      ],
      "/Users/hildenton/Desktop/dinner_dash/spec/feature_helper.rb": [
        1,
        1,
        1,
        null,
        null,
        1,
        16,
        16,
        16,
        16,
        16,
        null,
        null,
        null,
        null,
        1,
        8,
        8,
        8,
        8,
        8,
        null
      ],
      "/Users/hildenton/Desktop/dinner_dash/spec/rails_helper.rb": [
        null,
        1,
        1,
        1,
        1,
        null,
        null,
        null,
        null,
        null,
        null,
        null,
        null,
        1,
        null,
        null,
        null,
        1,
        null,
        1,
        null,
        1,
        null,
        1,
        null,
        null,
        null,
        null,
        1,
        null,
        null,
        null,
        null,
        null,
        null,
        null,
        null,
        null,
        null,
        null,
        null,
        null,
        null,
        1,
        null
      ],
      "/Users/hildenton/Desktop/dinner_dash/config/environment.rb": [
        null,
        1,
        null,
        null,
        1
      ],
      "/Users/hildenton/Desktop/dinner_dash/config/application.rb": [
        1,
        null,
        null,
        1,
        1,
        1,
        1,
        1,
        1,
        null,
        null,
        null,
        null,
        1,
        null,
        1,
        1,
        null,
        null,
        null,
        null,
        null,
        null,
        null,
        null,
        null,
        null,
        null,
        null,
        null
      ],
      "/Users/hildenton/Desktop/dinner_dash/config/boot.rb": [
        null,
        1,
        null,
        1
      ],
      "/Users/hildenton/Desktop/dinner_dash/config/environments/test.rb": [
        1,
        null,
        null,
        null,
        null,
        null,
        null,
        1,
        null,
        null,
        null,
        null,
        1,
        null,
        null,
        1,
        1,
        null,
        null,
        1,
        1,
        null,
        null,
        1,
        null,
        null,
        1,
        null,
        null,
        null,
        null,
        1,
        null,
        null,
        1,
        null,
        null,
        null,
        null
      ],
      "/Users/hildenton/Desktop/dinner_dash/config/initializers/assets.rb": [
        null,
        null,
        null,
        1,
        null,
        null,
        null,
        null
      ],
      "/Users/hildenton/Desktop/dinner_dash/config/initializers/backtrace_silencers.rb": [
        null,
        null,
        null,
        null,
        null,
        null,
        null
      ],
      "/Users/hildenton/Desktop/dinner_dash/config/initializers/cookies_serializer.rb": [
        null,
        null,
        1
      ],
      "/Users/hildenton/Desktop/dinner_dash/config/initializers/filter_parameter_logging.rb": [
        null,
        null,
        null,
        1
      ],
      "/Users/hildenton/Desktop/dinner_dash/config/initializers/inflections.rb": [
        null,
        null,
        null,
        null,
        null,
        null,
        null,
        null,
        null,
        null,
        null,
        null,
        null,
        null,
        null,
        null
      ],
      "/Users/hildenton/Desktop/dinner_dash/config/initializers/mime_types.rb": [
        null,
        null,
        null,
        null
      ],
      "/Users/hildenton/Desktop/dinner_dash/config/initializers/session_store.rb": [
        null,
        null,
        1
      ],
      "/Users/hildenton/Desktop/dinner_dash/config/initializers/wrap_parameters.rb": [
        null,
        null,
        null,
        null,
        null,
        null,
        1,
        1,
        null,
        null,
        null,
        null,
        null,
        null
      ],
      "/Users/hildenton/Desktop/dinner_dash/spec/factories.rb": [
        1,
        1,
        1,
        1,
        1,
        1,
        1,
        1,
        null,
        null,
        null,
        1,
        1,
        1,
        1,
        1,
        1,
        1,
        null,
        null
      ],
      "/Users/hildenton/Desktop/dinner_dash/config/routes.rb": [
        1,
        null,
        1,
        null,
        1,
        1,
        null,
        1,
        1,
        1,
        null,
        1,
        1,
        null,
        1,
        1,
        1,
        null,
        1,
        1,
        1,
        null,
        1,
        1,
        1,
        null,
        null,
        1,
        1,
        1,
        1,
        1,
        1,
        1,
        null,
        null,
        null,
        null,
        null,
        null,
        null,
        null,
        null,
        null,
        null,
        null,
        null,
        null,
        null,
        null,
        null,
        null,
        null,
        null,
        null,
        null,
        null,
        null,
        null,
        null,
        null,
        null,
        null,
        null,
        null,
        null,
        null,
        null,
        null,
        null,
        null,
        null,
        null,
        null,
        null,
        null,
        null,
        null,
        null,
        null,
        null,
        null,
        null,
        null,
        null,
        null,
        null,
        null,
        null,
        null,
        null,
        null
      ],
      "/Users/hildenton/Desktop/dinner_dash/app/helpers/application_helper.rb": [
        1,
        null,
        null
      ],
      "/Users/hildenton/Desktop/dinner_dash/app/helpers/sessions_helper.rb": [
        1,
        null,
        1,
        35,
        35,
        null,
        35,
        35,
        null,
        null,
        null,
        null,
        null,
        1,
        0,
        null,
        0,
        0,
        0,
        null,
        null,
        1,
        215,
        null,
        null,
        1,
        35,
        null,
        null,
        1,
        827,
        827,
        null,
        null
      ],
      "/Users/hildenton/Desktop/dinner_dash/app/helpers/users_helper.rb": [
        1,
        null
      ],
      "/Users/hildenton/Desktop/dinner_dash/spec/features/admin_dashboard_view_spec.rb": [
        1,
        1,
        1,
        null,
        1,
        9,
        null,
        null,
        null,
        null,
        null,
        null,
        9,
        null,
        null,
        1,
        1,
        1,
        1,
        1,
        null,
        null,
        1,
        1,
        1,
        null,
        null,
        1,
        1,
        1,
        1,
        null,
        null,
        1,
        1,
        1,
        1,
        null,
        null,
        1,
        1,
        1,
        1,
        null,
        null,
        1,
        1,
        1,
        1,
        null,
        null,
        null,
        1,
        1,
        1,
        null,
        null,
        1,
        1,
        1,
        null,
        null,
        1,
        1,
        null,
        null,
        null,
        null,
        null,
        1,
        6,
        6,
        6,
        6,
        6,
        null,
        null,
        null
      ],
      "/Users/hildenton/Desktop/dinner_dash/spec/features/admin_menu_view_spec.rb": [
        1,
        null,
        1,
        1,
        null,
        9,
        null,
        null,
        9,
        9,
        9,
        null,
        9,
        9,
        9,
        null,
        null,
        null,
        null,
        null,
        null,
        null,
        1,
        1,
        1,
        3,
        null,
        3,
        3,
        3,
        3,
        null,
        null,
        null,
        null,
        1,
        1,
        1,
        1,
        3,
        null,
        null,
        null,
        1,
        1,
        1,
        1,
        1,
        null,
        1,
        1,
        null,
        1,
        1,
        null,
        1,
        1,
        1,
        null,
        null,
        1,
        1,
        1,
        1,
        null,
        null,
        1,
        1,
        1,
        1,
        1,
        1,
        1,
        1,
        null,
        1,
        1,
        null,
        null,
        1,
        1,
        1,
        1,
        3,
        null,
        null,
        null,
        1,
        1,
        1,
        1,
        1,
        null,
        1,
        1,
        null,
        null,
        1,
        1,
        null,
        null,
        1,
        1,
        1,
        1,
        null,
        null,
        1,
        1,
        1,
        1,
        1,
        null,
        1,
        1,
        null,
        1,
        1,
        1,
        null,
        1,
        1,
        null,
        1,
        1,
        null,
        null
      ],
      "/Users/hildenton/Desktop/dinner_dash/spec/features/admin_users_view_spec.rb": [
        1,
        null,
        1,
        1,
        null,
        3,
        null,
        null,
        null,
        3,
        null,
        null,
        null,
        3,
        null,
        null,
        null,
        null,
        3,
        3,
        null,
        3,
        null,
        null,
        1,
        1,
        null,
        1,
        3,
        3,
        3,
        3,
        3,
        3,
        null,
        null,
        null,
        1,
        1,
        1,
        1,
        1,
        null,
        null,
        1,
        1,
        1,
        null,
        1,
        null,
        1,
        1,
        1,
        1,
        1,
        1,
        null,
        1,
        1,
        1,
        1,
        1,
        null,
        null
      ],
      "/Users/hildenton/Desktop/dinner_dash/spec/features/cart_spec.rb": [
        1,
        null,
        1,
        1,
        1,
        null,
        1,
        null,
        1,
        null,
        1,
        null,
        1,
        null,
        1,
        null,
        1,
        null,
        null,
        1,
        1,
        null,
        1,
        null,
        1,
        null,
        1,
        null,
        1,
        null,
        1,
        null,
        1,
        null,
        null,
        1,
        1,
        null,
        1,
        1,
        1,
        null,
        1,
        null,
        1,
        null,
        1,
        null,
        1,
        1,
        null,
        null,
        null,
        1,
        1,
        1,
        null,
        1,
        null,
        1,
        null,
        1,
        1,
        null,
        null,
        null,
        null,
        1,
        1,
        1,
        1,
        null,
        1,
        2,
        null,
        null,
        1,
        null,
        1,
        1,
        null,
        null,
        null,
        1,
        1,
        null,
        1,
        2,
        null,
        2,
        null,
        null,
        1,
        null,
        1,
        1,
        null,
        null,
        null,
        null,
        null,
        1,
        1,
        1,
        1,
        1,
        1,
        1,
        null,
        1,
        1,
        null,
        null,
        1,
        null,
        1,
        1,
        null,
        null,
        null,
        1,
        1,
        1,
        1,
        1,
        1,
        null,
        1,
        null,
        1,
        1,
        null,
        null,
        1,
        1,
        null,
        null,
        1,
        1,
        null,
        null,
        null,
        null,
        null
      ],
      "/Users/hildenton/Desktop/dinner_dash/spec/features/checkout_spec.rb": [
        1,
        null,
        1,
        1,
        null,
        1,
        1,
        1,
        1,
        null,
        1,
        null,
        1,
        null,
        null,
        null,
        1,
        2,
        null,
        1,
        1,
        1,
        null,
        1,
        null,
        1,
        null,
        1,
        null,
        1,
        null,
        1,
        null,
        1,
        null,
        1,
        1,
        1,
        null,
        1,
        null,
        1,
        null,
        null,
        null,
        null,
        1,
        1,
        1,
        1,
        1,
        null,
        1,
        null,
        1,
        null,
        null,
        null,
        1,
        2,
        null,
        1,
        1,
        1,
        1,
        1,
        null,
        null,
        null,
        1,
        1,
        1,
        null,
        1,
        null,
        1,
        null,
        1,
        null,
        1,
        null,
        1,
        null,
        null,
        null,
        null,
        null
      ],
      "/Users/hildenton/Desktop/dinner_dash/spec/features/item_view_spec.rb": [
        1,
        null,
        1,
        1,
        1,
        1,
        null,
        1,
        null,
        null,
        1,
        1,
        null,
        null,
        null
      ],
      "/Users/hildenton/Desktop/dinner_dash/spec/features/items_view_spec.rb": [
        1,
        null,
        1,
        1,
        4,
        4,
        4,
        null,
        4,
        4,
        null,
        null,
        1,
        1,
        3,
        null,
        null,
        null,
        1,
        1,
        1,
        null,
        null,
        1,
        1,
        1,
        3,
        null,
        null,
        null,
        null,
        1,
        1,
        1,
        null,
        null,
        null,
        null,
        null,
        null,
        null,
        null
      ],
      "/Users/hildenton/Desktop/dinner_dash/spec/features/order_view_spec.rb": [
        1,
        null,
        1,
        1,
        1,
        null,
        null
      ],
      "/Users/hildenton/Desktop/dinner_dash/spec/features/user_view_spec.rb": [
        1,
        null,
        1,
        null,
        1,
        1,
        12,
        null,
        null,
        12,
        null,
        null,
        12,
        null,
        null,
        1,
        1,
        null,
        null,
        1,
        1,
        1,
        null,
        null,
        1,
        1,
        1,
        1,
        1,
        1,
        1,
        1,
        1,
        1,
        1,
        1,
        1,
        null,
        null,
        1,
        1,
        1,
        null,
        null,
        1,
        1,
        1,
        1,
        null,
        null,
        1,
        1,
        1,
        null,
        null,
        1,
        1,
        1,
        null,
        null,
        1,
        1,
        1,
        1,
        null,
        null,
        1,
        1,
        1,
        1,
        null,
        null,
        1,
        1,
        1,
        null,
        null,
        1,
        1,
        1,
        1,
        1,
        1,
        1,
        1,
        2,
        null,
        null,
        null,
        1,
        1,
        1,
        1,
        1,
        1,
        1,
        null,
        null,
        null,
        null
      ],
      "/Users/hildenton/Desktop/dinner_dash/spec/models/address_spec.rb": [
        1,
        null,
        1,
        1,
        null
      ],
      "/Users/hildenton/Desktop/dinner_dash/app/models/address.rb": [
        1,
        null
      ],
      "/Users/hildenton/Desktop/dinner_dash/spec/models/cart_item_spec.rb": [
        1,
        null,
        1,
        1,
        1,
        1,
        1,
        null,
        1,
        null,
        1,
        null,
        null,
        1,
        1,
        1,
        null,
        1,
        null,
        1,
        null,
        null,
        null
      ],
      "/Users/hildenton/Desktop/dinner_dash/app/models/cart_item.rb": [
        1,
        1,
        1,
        1,
        null,
        1,
        18,
        null,
        null
      ],
      "/Users/hildenton/Desktop/dinner_dash/spec/models/cart_spec.rb": [
        1,
        null,
        1,
        1,
        1,
        1,
        1,
        1,
        null,
        1,
        1,
        null,
        null,
        1,
        null,
        null,
        null
      ],
      "/Users/hildenton/Desktop/dinner_dash/app/models/cart.rb": [
        1,
        1,
        1,
        null,
        1,
        10,
        10,
        2,
        null,
        8,
        null,
        10,
        null,
        null,
        null,
        1,
        33,
        null,
        null,
        null,
        null
      ],
      "/Users/hildenton/Desktop/dinner_dash/spec/models/categorization_spec.rb": [
        1,
        null,
        1,
        1,
        null
      ],
      "/Users/hildenton/Desktop/dinner_dash/app/models/categorization.rb": [
        1,
        1,
        1,
        null
      ],
      "/Users/hildenton/Desktop/dinner_dash/spec/models/category_spec.rb": [
        1,
        null,
        1,
        1,
        null
      ],
      "/Users/hildenton/Desktop/dinner_dash/app/models/category.rb": [
        1,
        null,
        1,
        1,
        null,
        null
      ],
      "/Users/hildenton/Desktop/dinner_dash/spec/models/item_spec.rb": [
        1,
        null,
        1,
        null,
        null
      ],
      "/Users/hildenton/Desktop/dinner_dash/app/models/item.rb": [
        1,
        1,
        1,
        null,
        1,
        1,
        null,
        1,
        null,
        null,
        1,
        null,
        null,
        null,
        null,
        null,
        null,
        null,
        null,
        null,
        null,
        null,
        null,
        null,
        null,
        null,
        null,
        30,
        1,
        null,
        null,
        1,
        0,
        0,
        0,
        0,
        null,
        null,
        null,
        1,
        1,
        0,
        null,
        null,
        1,
        1,
        1,
        null,
        0,
        0,
        null,
        null,
        null
      ],
      "/Users/hildenton/Desktop/dinner_dash/app/uploaders/image_uploader.rb": [
        null,
        null,
        1,
        null,
        null,
        1,
        1,
        null,
        null,
        1,
        null,
        null,
        null,
        null,
        1,
        0,
        null,
        null,
        null,
        null,
        null,
        null,
        null,
        null,
        null,
        null,
        null,
        null,
        null,
        null,
        null,
        null,
        null,
        null,
        1,
        1,
        null,
        null,
        1,
        1,
        null,
        null,
        1,
        1,
        null,
        null,
        1,
        0,
        null,
        null,
        null,
        null,
        null,
        null,
        null,
        null,
        null
      ],
      "/Users/hildenton/Desktop/dinner_dash/spec/models/order_spec.rb": [
        1,
        null,
        1,
        1,
        null
      ],
      "/Users/hildenton/Desktop/dinner_dash/app/models/order.rb": [
        1,
        1,
        1,
        1,
        null,
        1,
        0,
        0,
        0,
        null,
        null,
        null,
        1,
        1,
        null,
        null,
        null
      ],
      "/Users/hildenton/Desktop/dinner_dash/spec/models/user_spec.rb": [
        1,
        null,
        1,
        21,
        null,
        null,
        12,
        null,
        2,
        2,
        2,
        2,
        2,
        2,
        null,
        2,
        null,
        1,
        1,
        1,
        null,
        null,
        1,
        1,
        1,
        null,
        null,
        1,
        1,
        1,
        null,
        null,
        1,
        1,
        1,
        null,
        null,
        1,
        1,
        1,
        null,
        null,
        1,
        1,
        1,
        null,
        null,
        null,
        1,
        3,
        3,
        null,
        null,
        null,
        null,
        1,
        1,
        1,
        null,
        null,
        null,
        1,
        3,
        3,
        null,
        null,
        null,
        null,
        1,
        1,
        1,
        1,
        1,
        null,
        null,
        2,
        null,
        null,
        1,
        1,
        1,
        null,
        null,
        null,
        2,
        null,
        null,
        1,
        2,
        2,
        null,
        null,
        1,
        2,
        2,
        null,
        null,
        1,
        1,
        1,
        1,
        null,
        null,
        1,
        1,
        1,
        1,
        null,
        null
      ],
      "/Users/hildenton/Desktop/dinner_dash/app/models/user.rb": [
        1,
        1,
        null,
        null,
        103,
        null,
        1,
        null,
        1,
        null,
        1,
        1,
        null,
        1,
        null,
        1,
        1,
        null,
        1,
        null,
        1,
        null,
        null,
        null,
        1,
        0,
        null,
        null,
        1,
        102,
        null,
        null,
        1,
        929,
        null,
        null,
        1,
        null,
        1,
        67,
        null,
        null,
        null
      ],
      "/Users/hildenton/Desktop/dinner_dash/spec/request/items_spec.rb": [
        1,
        null,
        1,
        1,
        1,
        1,
        1,
        null,
        null,
        null
      ],
      "/Users/hildenton/Desktop/dinner_dash/spec/request/site_spec.rb": [
        1,
        null,
        1,
        1,
        1,
        1,
        1,
        null,
        null,
        null
      ],
      "/Users/hildenton/Desktop/dinner_dash/spec/requests/authentication_pages_spec.rb": [
        1,
        null,
        1,
        null,
        7,
        null,
        1,
        3,
        null,
        2,
        2,
        null,
        null,
        1,
        5,
        null,
        1,
        2,
        null,
        2,
        null,
        null,
        1,
        1,
        null,
        null,
        1,
        4,
        1,
        3,
        3,
        3,
        null,
        null,
        2,
        2,
        2,
        null,
        1,
        1,
        null,
        null,
        null,
        null
      ],
      "/Users/hildenton/Desktop/dinner_dash/spec/requests/static_pages_spec.rb": [
        1,
        null,
        1,
        1,
        null,
        1,
        null,
        1,
        1,
        1,
        null,
        null,
        1,
        1,
        0,
        0,
        null,
        null,
        1,
        1,
        1,
        null,
        null,
        null,
        null,
        1,
        null,
        1,
        1,
        1,
        null,
        null,
        1,
        1,
        0,
        0,
        null,
        null,
        null,
        null,
        1,
        null,
        1,
        1,
        1,
        null,
        null,
        1,
        1,
        1,
        1,
        null,
        null,
        null,
        null,
        null,
        null
      ],
      "/Users/hildenton/Desktop/dinner_dash/spec/requests/user_pages_spec.rb": [
        1,
        null,
        1,
        1,
        1,
        1,
        1,
        null,
        null,
        null
      ],
      "/Users/hildenton/Desktop/dinner_dash/spec/views/items/index.html.erb_spec.rb": [
        1,
        null,
        1,
        1,
        1,
        null,
        null,
        null,
        null,
        null,
        1,
        1,
        1,
        1,
        0,
        0,
        null,
        null
      ],
      "/Users/hildenton/Desktop/dinner_dash/app/controllers/static_pages_controller.rb": [
        1,
        null,
        1,
        76,
        null,
        null,
        1,
        null,
        null,
        null,
        1,
        null,
        null,
        null,
        1,
        null,
        null
      ],
      "/Users/hildenton/Desktop/dinner_dash/app/controllers/application_controller.rb": [
        1,
        null,
        null,
        1,
        1,
        1,
        null,
        1,
        null,
        1,
        275,
        null,
        null
      ],
      "/Users/hildenton/Desktop/dinner_dash/app/controllers/concerns/current_cart.rb": [
        1,
        1,
        null,
        1,
        null,
        1,
        31,
        null,
        12,
        12,
        null,
        null
      ],
      "/Users/hildenton/Desktop/dinner_dash/app/controllers/sessions_controller.rb": [
        1,
        1,
        null,
        null,
        1,
        36,
        36,
        35,
        35,
        1,
        null,
        34,
        null,
        null,
        1,
        1,
        null,
        null,
        null,
        1,
        0,
        0,
        0,
        null,
        null
      ],
      "/Users/hildenton/Desktop/dinner_dash/app/controllers/administrator/categories_controller.rb": [
        1,
        1,
        1,
        1,
        null,
        1,
        10,
        null,
        null,
        1,
        1,
        null,
        null,
        1,
        null,
        null,
        1,
        0,
        0,
        null,
        0,
        0,
        null,
        null,
        1,
        null,
        null,
        1,
        1,
        null,
        1,
        1,
        null,
        null,
        null,
        1,
        1,
        null,
        1,
        2,
        1,
        null,
        null,
        null,
        null,
        1,
        null,
        1,
        1,
        null,
        null,
        null,
        1,
        3,
        null,
        null,
        1,
        14,
        null,
        null,
        null
      ],
      "/Users/hildenton/Desktop/dinner_dash/app/controllers/categories_controller.rb": [
        1,
        1,
        0,
        null,
        null,
        1,
        0,
        null,
        null,
        1,
        1,
        1,
        null,
        1,
        1,
        null,
        null,
        1,
        null,
        1,
        1,
        null,
        null,
        null
      ],
      "/Users/hildenton/Desktop/dinner_dash/app/controllers/administrator/admins_controller.rb": [
        1,
        null,
        null,
        null,
        1,
        null,
        null,
        1,
        null,
        null,
        null,
        null,
        null
      ],
      "/Users/hildenton/Desktop/dinner_dash/app/controllers/administrator/items_controller.rb": [
        1,
        1,
        1,
        1,
        null,
        1,
        16,
        16,
        null,
        null,
        1,
        1,
        null,
        null,
        1,
        null,
        null,
        1,
        0,
        null,
        null,
        1,
        0,
        0,
        0,
        null,
        0,
        0,
        null,
        null,
        1,
        null,
        null,
        1,
        2,
        2,
        null,
        null,
        1,
        null,
        null,
        null,
        null,
        null,
        null,
        1,
        null,
        1,
        2,
        1,
        null,
        null,
        null,
        1,
        1,
        2,
        null,
        null,
        null,
        null,
        null,
        null,
        null,
        1,
        5,
        null,
        null,
        1,
        24,
        null,
        null
      ],
      "/Users/hildenton/Desktop/dinner_dash/app/controllers/items_controller.rb": [
        1,
        1,
        null,
        1,
        29,
        29,
        null,
        null,
        1,
        2,
        2,
        null,
        null,
        1,
        1,
        1,
        null,
        1,
        1,
        1,
        null,
        0,
        null,
        null,
        null,
        1,
        null,
        null,
        1,
        1,
        null,
        null,
        null,
        null,
        null,
        null,
        null,
        1,
        0,
        null,
        null
      ],
      "/Users/hildenton/Desktop/dinner_dash/app/controllers/administrator/users_controller.rb": [
        1,
        1,
        1,
        null,
        1,
        3,
        null,
        null,
        1,
        0,
        null,
        0,
        0,
        0,
        null,
        null,
        null,
        null,
        1,
        1,
        0,
        null,
        null,
        null,
        null,
        null,
        null,
        null,
        null,
        null,
        1,
        0,
        null,
        null
      ],
      "/Users/hildenton/Desktop/dinner_dash/app/controllers/administrator/addresses_controller.rb": [
        1,
        1,
        null,
        1,
        1,
        null,
        null,
        null
      ],
      "/Users/hildenton/Desktop/dinner_dash/app/controllers/cart_items_controller.rb": [
        1,
        1,
        1,
        1,
        null,
        1,
        10,
        10,
        null,
        10,
        10,
        20,
        null,
        10,
        null,
        null,
        0,
        0,
        null,
        null,
        null,
        null,
        null,
        1,
        2,
        2,
        null,
        2,
        4,
        2,
        null,
        null,
        null,
        1,
        1,
        0,
        null,
        null,
        1,
        2,
        null,
        null
      ],
      "/Users/hildenton/Desktop/dinner_dash/app/controllers/carts_controller.rb": [
        1,
        1,
        1,
        1,
        1,
        null,
        1,
        14,
        null,
        null,
        1,
        0,
        0,
        0,
        null,
        null,
        1,
        1,
        1,
        1,
        2,
        null,
        1,
        null,
        null,
        null,
        1,
        null,
        1,
        0,
        null,
        null,
        1,
        0,
        0,
        null,
        null
      ],
      "/Users/hildenton/Desktop/dinner_dash/app/controllers/orders_controller.rb": [
        1,
        1,
        1,
        null,
        1,
        1,
        null,
        1,
        1,
        1,
        null,
        0,
        null,
        null,
        null,
        1,
        1,
        1,
        null,
        0,
        null,
        null,
        null,
        1,
        6,
        2,
        2,
        null,
        null,
        4,
        2,
        null,
        null,
        null,
        null,
        4,
        null,
        null,
        1,
        0,
        0,
        null,
        0,
        null,
        0,
        0,
        0,
        0,
        null,
        0,
        null,
        0,
        null,
        null,
        0,
        0,
        null,
        null,
        null,
        null,
        null,
        null,
        1,
        0,
        0,
        0,
        0,
        null,
        0,
        null,
        null,
        null,
        1,
        null,
        1,
        0,
        null,
        null,
        1,
        1,
        null,
        null
      ],
      "/Users/hildenton/Desktop/dinner_dash/app/controllers/users_controller.rb": [
        1,
        null,
        1,
        3,
        null,
        null,
        1,
        2,
        null,
        null,
        1,
        1,
        1,
        null,
        null,
        1,
        1,
        1,
        null,
        null,
        null,
        null,
        null,
        null,
        null,
        null,
        null,
        null,
        null
      ]
    },
    "timestamp": 1409063630
  }
}
